TN:
SF:js\advanceSettings.ts
FN:16,(anonymous_9)
FN:112,(anonymous_10)
FN:127,(anonymous_11)
FN:136,(anonymous_12)
FN:148,(anonymous_13)
FN:161,(anonymous_14)
FN:193,(anonymous_15)
FN:225,(anonymous_16)
FN:231,(anonymous_17)
FN:235,(anonymous_18)
FN:240,(anonymous_19)
FN:244,(anonymous_20)
FN:248,(anonymous_21)
FN:259,(anonymous_22)
FN:266,(anonymous_23)
FN:267,(anonymous_25)
FN:268,(anonymous_26)
FN:288,(anonymous_27)
FN:20,_AdvanceSettings_markup
FN:86,_AdvanceSettings_analyticsUsage
FNF:20
FNH:4
FNDA:6,(anonymous_9)
FNDA:0,(anonymous_10)
FNDA:0,(anonymous_11)
FNDA:0,(anonymous_12)
FNDA:0,(anonymous_13)
FNDA:0,(anonymous_14)
FNDA:0,(anonymous_15)
FNDA:0,(anonymous_16)
FNDA:0,(anonymous_17)
FNDA:0,(anonymous_18)
FNDA:1,(anonymous_19)
FNDA:0,(anonymous_20)
FNDA:2,(anonymous_21)
FNDA:1,(anonymous_22)
FNDA:0,(anonymous_23)
FNDA:0,(anonymous_25)
FNDA:0,(anonymous_26)
FNDA:0,(anonymous_27)
FNDA:0,_AdvanceSettings_markup
FNDA:0,_AdvanceSettings_analyticsUsage
DA:3,2
DA:13,2
DA:17,6
DA:20,2
DA:21,0
DA:22,0
DA:89,0
DA:90,0
DA:113,0
DA:114,0
DA:115,0
DA:118,0
DA:121,0
DA:124,0
DA:128,0
DA:133,0
DA:137,0
DA:140,0
DA:143,0
DA:145,0
DA:152,0
DA:157,0
DA:158,0
DA:162,0
DA:167,0
DA:170,0
DA:172,0
DA:177,0
DA:178,0
DA:181,0
DA:184,0
DA:187,0
DA:190,0
DA:194,0
DA:199,0
DA:202,0
DA:204,0
DA:209,0
DA:210,0
DA:213,0
DA:216,0
DA:219,0
DA:222,0
DA:226,0
DA:227,0
DA:228,0
DA:232,0
DA:236,0
DA:237,0
DA:241,1
DA:245,0
DA:249,2
DA:251,2
DA:252,2
DA:253,2
DA:254,2
DA:256,2
DA:260,1
DA:261,1
DA:262,1
DA:263,1
DA:267,0
DA:268,0
DA:269,0
DA:271,0
DA:276,0
DA:279,0
DA:284,0
DA:289,0
DA:290,0
DA:294,2
LF:71
LH:16
BRDA:170,0,0,0
BRDA:202,1,0,0
BRDA:226,2,0,0
BRDA:271,3,0,0
BRDA:272,4,0,0
BRDA:272,4,1,0
BRDA:272,4,2,0
BRF:7
BRH:0
end_of_record
TN:
SF:js\basicSettings.ts
FN:6,(anonymous_1)
FN:10,(anonymous_2)
FN:21,(anonymous_3)
FN:30,(anonymous_4)
FN:31,(anonymous_5)
FN:36,(anonymous_6)
FN:44,(anonymous_7)
FN:52,(anonymous_8)
FN:64,(anonymous_9)
FN:93,(anonymous_10)
FN:116,(anonymous_11)
FNF:11
FNH:7
FNDA:14,(anonymous_1)
FNDA:2,(anonymous_2)
FNDA:1,(anonymous_3)
FNDA:1,(anonymous_4)
FNDA:1,(anonymous_5)
FNDA:1,(anonymous_6)
FNDA:1,(anonymous_7)
FNDA:0,(anonymous_8)
FNDA:0,(anonymous_9)
FNDA:0,(anonymous_10)
FNDA:0,(anonymous_11)
DA:3,3
DA:7,14
DA:11,2
DA:26,1
DA:27,1
DA:31,1
DA:32,1
DA:37,1
DA:38,1
DA:45,1
DA:46,1
DA:53,0
DA:54,0
DA:55,0
DA:56,0
DA:61,0
DA:69,0
DA:70,0
DA:76,0
DA:78,0
DA:80,0
DA:81,0
DA:82,0
DA:83,0
DA:84,0
DA:85,0
DA:87,0
DA:88,0
DA:89,0
DA:94,0
DA:96,0
DA:98,0
DA:100,0
DA:106,0
DA:107,0
DA:108,0
DA:109,0
DA:112,0
DA:113,0
DA:121,0
DA:123,0
DA:125,0
DA:126,0
DA:127,0
DA:128,0
DA:130,0
DA:131,0
DA:136,3
LF:48
LH:12
BRDA:37,0,0,0
BRDA:37,0,1,1
BRDA:37,1,0,1
BRDA:37,1,1,1
BRDA:38,2,0,0
BRDA:38,2,1,1
BRDA:38,3,0,1
BRDA:38,3,1,1
BRDA:55,4,0,0
BRDA:55,4,1,0
BRDA:55,5,0,0
BRDA:55,5,1,0
BRDA:76,6,0,0
BRDA:80,7,0,0
BRDA:80,7,1,0
BRDA:96,8,0,0
BRDA:96,9,0,0
BRDA:96,9,1,0
BRDA:106,10,0,0
BRDA:123,11,0,0
BRDA:125,12,0,0
BRDA:125,12,1,0
BRF:22
BRH:6
end_of_record
TN:
SF:js\general.ts
FN:90,(anonymous_0)
FN:95,(anonymous_1)
FN:99,(anonymous_2)
FN:103,(anonymous_3)
FN:117,(anonymous_4)
FN:131,(anonymous_5)
FN:139,(anonymous_6)
FN:147,(anonymous_7)
FN:156,(anonymous_8)
FN:157,(anonymous_9)
FN:162,(anonymous_10)
FN:166,(anonymous_11)
FN:175,(anonymous_12)
FN:179,(anonymous_13)
FN:183,(anonymous_14)
FN:187,(anonymous_15)
FN:191,(anonymous_16)
FN:194,(anonymous_17)
FN:198,(anonymous_18)
FN:228,(anonymous_19)
FNF:20
FNH:7
FNDA:18,(anonymous_0)
FNDA:1,(anonymous_1)
FNDA:0,(anonymous_2)
FNDA:0,(anonymous_3)
FNDA:0,(anonymous_4)
FNDA:1,(anonymous_5)
FNDA:0,(anonymous_6)
FNDA:0,(anonymous_7)
FNDA:0,(anonymous_8)
FNDA:0,(anonymous_9)
FNDA:0,(anonymous_10)
FNDA:0,(anonymous_11)
FNDA:0,(anonymous_12)
FNDA:0,(anonymous_13)
FNDA:1,(anonymous_14)
FNDA:1,(anonymous_15)
FNDA:1,(anonymous_16)
FNDA:1,(anonymous_17)
FNDA:0,(anonymous_18)
FNDA:0,(anonymous_19)
DA:14,18
DA:80,18
DA:91,18
DA:92,18
DA:96,1
DA:100,0
DA:108,0
DA:113,0
DA:114,0
DA:122,0
DA:127,0
DA:128,0
DA:136,1
DA:140,0
DA:152,0
DA:153,0
DA:157,0
DA:158,0
DA:163,0
DA:171,0
DA:172,0
DA:176,0
DA:180,0
DA:184,1
DA:188,1
DA:192,1
DA:195,1
DA:209,0
DA:210,0
DA:211,0
DA:212,0
DA:213,0
DA:214,0
DA:215,0
DA:217,0
DA:221,0
DA:223,0
DA:225,0
DA:229,0
DA:230,0
DA:231,0
DA:235,4
LF:42
LH:11
BRDA:105,0,0,0
BRDA:106,1,0,0
BRDA:113,2,0,0
BRDA:113,2,1,0
BRDA:113,3,0,0
BRDA:113,3,1,0
BRDA:113,4,0,0
BRDA:113,4,1,0
BRDA:113,5,0,0
BRDA:113,5,1,0
BRDA:171,6,0,0
BRDA:171,6,1,0
BRDA:171,7,0,0
BRDA:171,7,1,0
BRDA:172,8,0,0
BRDA:172,8,1,0
BRDA:209,9,0,0
BRDA:209,9,1,0
BRDA:211,10,0,0
BRDA:211,10,1,0
BRDA:214,11,0,0
BRDA:214,11,1,0
BRDA:221,12,0,0
BRDA:221,12,1,0
BRDA:221,13,0,0
BRDA:221,13,1,0
BRDA:223,14,0,0
BRF:27
BRH:0
end_of_record
